
/var/folders/8p/10qnjfs96_v8536pckl1nlch0000gn/T/stack23787/GLFW-0.5.2.4/Setup.hs:147:1: Warning:
    Tab character

/var/folders/8p/10qnjfs96_v8536pckl1nlch0000gn/T/stack23787/GLFW-0.5.2.4/Setup.hs:148:1: Warning:
    Tab character

/var/folders/8p/10qnjfs96_v8536pckl1nlch0000gn/T/stack23787/GLFW-0.5.2.4/Setup.hs:149:1: Warning:
    Tab character
Configuring GLFW-0.5.2.4...

/var/folders/8p/10qnjfs96_v8536pckl1nlch0000gn/T/stack23787/GLFW-0.5.2.4/Setup.hs:147:1: Warning:
    Tab character

/var/folders/8p/10qnjfs96_v8536pckl1nlch0000gn/T/stack23787/GLFW-0.5.2.4/Setup.hs:148:1: Warning:
    Tab character

/var/folders/8p/10qnjfs96_v8536pckl1nlch0000gn/T/stack23787/GLFW-0.5.2.4/Setup.hs:149:1: Warning:
    Tab character
invoking my compile phase gcc
gcc -Iglfw/include -Iglfw/lib -Iglfw/lib/cocoa -m64 -S -c glfw/lib/enable.c -o glfw/lib/enable.s
gcc -Iglfw/include -Iglfw/lib -Iglfw/lib/cocoa -m64 -S -c glfw/lib/fullscreen.c -o glfw/lib/fullscreen.s
gcc -Iglfw/include -Iglfw/lib -Iglfw/lib/cocoa -m64 -S -c glfw/lib/glext.c -o glfw/lib/glext.s
gcc -Iglfw/include -Iglfw/lib -Iglfw/lib/cocoa -m64 -S -c glfw/lib/image.c -o glfw/lib/image.s
gcc -Iglfw/include -Iglfw/lib -Iglfw/lib/cocoa -m64 -S -c glfw/lib/init.c -o glfw/lib/init.s
gcc -Iglfw/include -Iglfw/lib -Iglfw/lib/cocoa -m64 -S -c glfw/lib/input.c -o glfw/lib/input.s
gcc -Iglfw/include -Iglfw/lib -Iglfw/lib/cocoa -m64 -S -c glfw/lib/joystick.c -o glfw/lib/joystick.s
gcc -Iglfw/include -Iglfw/lib -Iglfw/lib/cocoa -m64 -S -c glfw/lib/stream.c -o glfw/lib/stream.s
gcc -Iglfw/include -Iglfw/lib -Iglfw/lib/cocoa -m64 -S -c glfw/lib/tga.c -o glfw/lib/tga.s
gcc -Iglfw/include -Iglfw/lib -Iglfw/lib/cocoa -m64 -S -c glfw/lib/thread.c -o glfw/lib/thread.s
gcc -Iglfw/include -Iglfw/lib -Iglfw/lib/cocoa -m64 -S -c glfw/lib/time.c -o glfw/lib/time.s
gcc -Iglfw/include -Iglfw/lib -Iglfw/lib/cocoa -m64 -S -c glfw/lib/window.c -o glfw/lib/window.s
gcc -Iglfw/include -Iglfw/lib -Iglfw/lib/cocoa -m64 -S -c glfw/lib/cocoa/cocoa_enable.m -o glfw/lib/cocoa/cocoa_enable.s
gcc -Iglfw/include -Iglfw/lib -Iglfw/lib/cocoa -m64 -S -c glfw/lib/cocoa/cocoa_fullscreen.m -o glfw/lib/cocoa/cocoa_fullscreen.s
glfw/lib/cocoa/cocoa_fullscreen.m:80:33: warning: 'CGDisplayAvailableModes' is deprecated: first deprecated in OS X 10.6 [-Wdeprecated-declarations]
    NSArray *modes = (NSArray *)CGDisplayAvailableModes( CGMainDisplayID() );
                                ^
/System/Library/Frameworks/CoreGraphics.framework/Headers/CGDirectDisplay.h:437:22: note: 'CGDisplayAvailableModes' declared here
CG_EXTERN CFArrayRef CGDisplayAvailableModes(CGDirectDisplayID display)
                     ^
glfw/lib/cocoa/cocoa_fullscreen.m:102:39: warning: 'CGDisplayCurrentMode' is deprecated: first deprecated in OS X 10.6 [-Wdeprecated-declarations]
    *mode = vidmodeFromCGDisplayMode( CGDisplayCurrentMode( CGMainDisplayID() ) );
                                      ^
/System/Library/Frameworks/CoreGraphics.framework/Headers/CGDirectDisplay.h:455:27: note: 'CGDisplayCurrentMode' declared here
CG_EXTERN CFDictionaryRef CGDisplayCurrentMode(CGDirectDisplayID display)
                          ^
glfw/lib/cocoa/cocoa_fullscreen.m:102:39: warning: incompatible pointer types passing 'CFDictionaryRef' (aka 'const struct __CFDictionary *') to parameter of type 'NSDictionary *' [-Wincompatible-pointer-types]
    *mode = vidmodeFromCGDisplayMode( CGDisplayCurrentMode( CGMainDisplayID() ) );
                                      ^~~~~~~~~~~~~~~~~~~~~~~~~~~~~~~~~~~~~~~~~
glfw/lib/cocoa/cocoa_fullscreen.m:54:60: note: passing argument to parameter 'mode' here
static GLFWvidmode vidmodeFromCGDisplayMode( NSDictionary *mode )
                                                           ^
3 warnings generated.
gcc -Iglfw/include -Iglfw/lib -Iglfw/lib/cocoa -m64 -S -c glfw/lib/cocoa/cocoa_glext.m -o glfw/lib/cocoa/cocoa_glext.s
gcc -Iglfw/include -Iglfw/lib -Iglfw/lib/cocoa -m64 -S -c glfw/lib/cocoa/cocoa_init.m -o glfw/lib/cocoa/cocoa_init.s
gcc -Iglfw/include -Iglfw/lib -Iglfw/lib/cocoa -m64 -S -c glfw/lib/cocoa/cocoa_joystick.m -o glfw/lib/cocoa/cocoa_joystick.s
gcc -Iglfw/include -Iglfw/lib -Iglfw/lib/cocoa -m64 -S -c glfw/lib/cocoa/cocoa_thread.c -o glfw/lib/cocoa/cocoa_thread.s
gcc -Iglfw/include -Iglfw/lib -Iglfw/lib/cocoa -m64 -S -c glfw/lib/cocoa/cocoa_time.m -o glfw/lib/cocoa/cocoa_time.s
gcc -Iglfw/include -Iglfw/lib -Iglfw/lib/cocoa -m64 -S -c glfw/lib/cocoa/cocoa_window.m -o glfw/lib/cocoa/cocoa_window.s
glfw/lib/cocoa/cocoa_window.m:105:5: warning: 'SetFrontProcess' is deprecated: first deprecated in OS X 10.9 [-Wdeprecated-declarations]
    SetFrontProcess( &psn );
    ^
/System/Library/Frameworks/ApplicationServices.framework/Frameworks/HIServices.framework/Headers/Processes.h:603:1: note: 'SetFrontProcess' declared here
SetFrontProcess(const ProcessSerialNumber * PSN)              AVAILABLE_MAC_OS_X_VERSION_10_0_AND_LATER_BUT_DEPRECATED_IN_MAC_OS_X_VERSION_10_9;
^
glfw/lib/cocoa/cocoa_window.m:709:13: warning: implicit declaration of function 'CGDisplayBestModeForParametersAndRefreshRateWithProperty' is invalid in C99 [-Wimplicit-function-declaration]
            CGDisplayBestModeForParametersAndRefreshRateWithProperty(
            ^
glfw/lib/cocoa/cocoa_window.m:705:24: warning: incompatible integer to pointer conversion assigning to 'CFDictionaryRef' (aka 'const struct __CFDictionary *') from 'int' [-Wint-conversion]
        fullscreenMode =
                       ^
glfw/lib/cocoa/cocoa_window.m:756:13: warning: 'CGDisplayCurrentMode' is deprecated: first deprecated in OS X 10.6 [-Wdeprecated-declarations]
            CGDisplayCurrentMode( CGMainDisplayID() );
            ^
/System/Library/Frameworks/CoreGraphics.framework/Headers/CGDirectDisplay.h:455:27: note: 'CGDisplayCurrentMode' declared here
CG_EXTERN CFDictionaryRef CGDisplayCurrentMode(CGDirectDisplayID display)
                          ^
glfw/lib/cocoa/cocoa_window.m:759:9: warning: 'CGDisplaySwitchToMode' is deprecated: first deprecated in OS X 10.6 [-Wdeprecated-declarations]
        CGDisplaySwitchToMode( CGMainDisplayID(), fullscreenMode );
        ^
/System/Library/Frameworks/CoreGraphics.framework/Headers/CGDirectDisplay.h:460:19: note: 'CGDisplaySwitchToMode' declared here
CG_EXTERN CGError CGDisplaySwitchToMode(CGDirectDisplayID display,
                  ^
glfw/lib/cocoa/cocoa_window.m:875:9: warning: 'CGDisplaySwitchToMode' is deprecated: first deprecated in OS X 10.6 [-Wdeprecated-declarations]
        CGDisplaySwitchToMode( CGMainDisplayID(),
        ^
/System/Library/Frameworks/CoreGraphics.framework/Headers/CGDirectDisplay.h:460:19: note: 'CGDisplaySwitchToMode' declared here
CG_EXTERN CGError CGDisplaySwitchToMode(CGDirectDisplayID display,
                  ^
6 warnings generated.
Invoke default build hook
Building GLFW-0.5.2.4...
Preprocessing library GLFW-0.5.2.4...
[1 of 1] Compiling Graphics.UI.GLFW ( Graphics/UI/GLFW.hs, .stack-work/dist/x86_64-osx/Cabal-1.22.4.0/build/Graphics/UI/GLFW.o )

Graphics/UI/GLFW.hs:118:1: Warning:
    Module ‘Foreign’ does not export ‘unsafePerformIO’
In-place registering GLFW-0.5.2.4...

/var/folders/8p/10qnjfs96_v8536pckl1nlch0000gn/T/stack23787/GLFW-0.5.2.4/Setup.hs:147:1: Warning:
    Tab character

/var/folders/8p/10qnjfs96_v8536pckl1nlch0000gn/T/stack23787/GLFW-0.5.2.4/Setup.hs:148:1: Warning:
    Tab character

/var/folders/8p/10qnjfs96_v8536pckl1nlch0000gn/T/stack23787/GLFW-0.5.2.4/Setup.hs:149:1: Warning:
    Tab character
Installing library in /Users/Kuhn/Dropbox/Study/UCSD 2015 Fall/CSE 230
Programming
Language/HW/HW1/.stack-work/install/x86_64-osx/nightly-2015-09-24/7.10.2/lib/x86_64-osx-ghc-7.10.2/GLFW-0.5.2.4-9zDDfiB3zImCMBoPGPEXML
Registering GLFW-0.5.2.4...
